  AppContext.cpp
  EditorScreen.cpp
C:\UniWork\Year3\FMP_StageEditor\FMP_StageEditor\EditorScreen.cpp(144,29): warning C4244: 'argument': conversion from 'float' to 'int', possible loss of data
C:\UniWork\Year3\FMP_StageEditor\FMP_StageEditor\EditorScreen.cpp(145,47): warning C4244: 'argument': conversion from 'float' to 'int', possible loss of data
  FMP_StageEditor.cpp
  GameplayScreen.cpp
  ScreenManager.cpp
  Viewport.cpp
C:\UniWork\Year3\FMP_StageEditor\FMP_StageEditor\Viewport.cpp(4,43): warning C4244: 'argument': conversion from 'float' to 'int', possible loss of data
C:\UniWork\Year3\FMP_StageEditor\FMP_StageEditor\Viewport.cpp(4,36): warning C4244: 'argument': conversion from 'float' to 'int', possible loss of data
C:\UniWork\Year3\FMP_StageEditor\FMP_StageEditor\Viewport.cpp(49,23): warning C4244: '=': conversion from 'int' to 'float', possible loss of data
C:\UniWork\Year3\FMP_StageEditor\FMP_StageEditor\Viewport.cpp(50,23): warning C4244: '=': conversion from 'int' to 'float', possible loss of data
C:\UniWork\Year3\FMP_StageEditor\FMP_StageEditor\Viewport.cpp(112,24): warning C4244: 'argument': conversion from 'float' to 'int', possible loss of data
C:\UniWork\Year3\FMP_StageEditor\FMP_StageEditor\Viewport.cpp(112,21): warning C4244: 'argument': conversion from 'float' to 'int', possible loss of data
C:\UniWork\Year3\FMP_StageEditor\FMP_StageEditor\Viewport.cpp(112,15): warning C4244: 'argument': conversion from 'float' to 'int', possible loss of data
C:\UniWork\Year3\FMP_StageEditor\FMP_StageEditor\Viewport.cpp(112,12): warning C4244: 'argument': conversion from 'float' to 'int', possible loss of data
C:\UniWork\Year3\FMP_StageEditor\FMP_StageEditor\Viewport.cpp(116,28): warning C4244: 'argument': conversion from 'float' to 'int', possible loss of data
C:\UniWork\Year3\FMP_StageEditor\FMP_StageEditor\Viewport.cpp(116,21): warning C4244: 'argument': conversion from 'float' to 'int', possible loss of data
C:\UniWork\Year3\FMP_StageEditor\FMP_StageEditor\Viewport.cpp(116,18): warning C4244: 'argument': conversion from 'float' to 'int', possible loss of data
C:\UniWork\Year3\FMP_StageEditor\FMP_StageEditor\Viewport.cpp(116,12): warning C4244: 'argument': conversion from 'float' to 'int', possible loss of data
C:\UniWork\Year3\FMP_StageEditor\FMP_StageEditor\Viewport.cpp(142,10): warning C4244: 'argument': conversion from 'float' to 'int', possible loss of data
C:\UniWork\Year3\FMP_StageEditor\FMP_StageEditor\Viewport.cpp(141,10): warning C4244: 'argument': conversion from 'float' to 'int', possible loss of data
C:\UniWork\Year3\FMP_StageEditor\FMP_StageEditor\Viewport.cpp(140,11): warning C4244: 'argument': conversion from 'float' to 'int', possible loss of data
C:\UniWork\Year3\FMP_StageEditor\FMP_StageEditor\Viewport.cpp(139,11): warning C4244: 'argument': conversion from 'float' to 'int', possible loss of data
  Generating Code...
  FMP_StageEditor.vcxproj -> C:\UniWork\Year3\FMP_StageEditor\x64\Debug\FMP_StageEditor.exe
