c:\uniwork\year3\fmp_stageeditor\fmp_stageeditor\x64\debug\vc143.pdb
c:\uniwork\year3\fmp_stageeditor\fmp_stageeditor\x64\debug\vc143.idb
c:\uniwork\year3\fmp_stageeditor\fmp_stageeditor\x64\debug\viewport.obj
c:\uniwork\year3\fmp_stageeditor\fmp_stageeditor\x64\debug\tileclass.obj
c:\uniwork\year3\fmp_stageeditor\fmp_stageeditor\x64\debug\screenmanager.obj
c:\uniwork\year3\fmp_stageeditor\fmp_stageeditor\x64\debug\screen.obj
c:\uniwork\year3\fmp_stageeditor\fmp_stageeditor\x64\debug\player.obj
c:\uniwork\year3\fmp_stageeditor\fmp_stageeditor\x64\debug\levelclass.obj
c:\uniwork\year3\fmp_stageeditor\fmp_stageeditor\x64\debug\generalfunctions.obj
c:\uniwork\year3\fmp_stageeditor\fmp_stageeditor\x64\debug\gameplayscreen.obj
c:\uniwork\year3\fmp_stageeditor\fmp_stageeditor\x64\debug\fmp_stageeditor.obj
c:\uniwork\year3\fmp_stageeditor\fmp_stageeditor\x64\debug\editorscreen.obj
c:\uniwork\year3\fmp_stageeditor\fmp_stageeditor\x64\debug\appcontext.obj
c:\uniwork\year3\fmp_stageeditor\x64\debug\fmp_stageeditor.exe
c:\uniwork\year3\fmp_stageeditor\x64\debug\fmp_stageeditor.pdb
c:\uniwork\year3\fmp_stageeditor\fmp_stageeditor\x64\debug\fmp_stageeditor.ilk
c:\uniwork\year3\fmp_stageeditor\fmp_stageeditor\x64\debug\fmp_stageeditor.tlog\cl.command.1.tlog
c:\uniwork\year3\fmp_stageeditor\fmp_stageeditor\x64\debug\fmp_stageeditor.tlog\cl.items.tlog
c:\uniwork\year3\fmp_stageeditor\fmp_stageeditor\x64\debug\fmp_stageeditor.tlog\cl.read.1.tlog
c:\uniwork\year3\fmp_stageeditor\fmp_stageeditor\x64\debug\fmp_stageeditor.tlog\cl.write.1.tlog
c:\uniwork\year3\fmp_stageeditor\fmp_stageeditor\x64\debug\fmp_stageeditor.tlog\link.command.1.tlog
c:\uniwork\year3\fmp_stageeditor\fmp_stageeditor\x64\debug\fmp_stageeditor.tlog\link.read.1.tlog
c:\uniwork\year3\fmp_stageeditor\fmp_stageeditor\x64\debug\fmp_stageeditor.tlog\link.secondary.1.tlog
c:\uniwork\year3\fmp_stageeditor\fmp_stageeditor\x64\debug\fmp_stageeditor.tlog\link.write.1.tlog
